<?xml version="1.0" encoding="UTF-8"?>
<!-- Generated by org.testng.reporters.JUnitXMLReporter -->
<testsuite hostname="apples-MacBook-Pro.local" ignored="0" name="Default test" tests="2" failures="0" timestamp="2021-02-02T07:21:10 IST" time="0.064" errors="0">
  <testcase name="doWhileLoop" time="0.011" classname="com.automation.PracticeSeleniumFramework.JavaPractice.LoopsAndConditions"/>
  <testcase name="whileLoop" time="0.001" classname="com.automation.PracticeSeleniumFramework.JavaPractice.LoopsAndConditions"/>
</testsuite> <!-- Default test -->
