<?xml version="1.0" encoding="UTF-8"?>
<testng-results skipped="0" failed="0" ignored="0" total="1" passed="1">
  <reporter-output>
  </reporter-output>
  <suite name="Default suite" duration-ms="10460" started-at="2021-02-24T07:20:12 IST" finished-at="2021-02-24T07:20:22 IST">
    <groups>
    </groups>
    <test name="Default test" duration-ms="10460" started-at="2021-02-24T07:20:12 IST" finished-at="2021-02-24T07:20:22 IST">
      <class name="com.automation.selenium.allExamples.ColorValidation">
        <test-method status="PASS" signature="startSession()[pri:0, instance:com.automation.selenium.allExamples.ColorValidation@23faf8f2]" name="startSession" is-config="true" duration-ms="6801" started-at="2021-02-24T07:20:12 IST" finished-at="2021-02-24T07:20:18 IST">
          <reporter-output>
          </reporter-output>
        </test-method> <!-- startSession -->
        <test-method status="PASS" signature="verifyColourOfTheObject()[pri:0, instance:com.automation.selenium.allExamples.ColorValidation@23faf8f2]" name="verifyColourOfTheObject" duration-ms="3281" started-at="2021-02-24T07:20:19 IST" finished-at="2021-02-24T07:20:22 IST">
          <reporter-output>
          </reporter-output>
        </test-method> <!-- verifyColourOfTheObject -->
        <test-method status="PASS" signature="killSession()[pri:0, instance:com.automation.selenium.allExamples.ColorValidation@23faf8f2]" name="killSession" is-config="true" duration-ms="234" started-at="2021-02-24T07:20:22 IST" finished-at="2021-02-24T07:20:22 IST">
          <reporter-output>
          </reporter-output>
        </test-method> <!-- killSession -->
      </class> <!-- com.automation.selenium.allExamples.ColorValidation -->
    </test> <!-- Default test -->
  </suite> <!-- Default suite -->
</testng-results>
